<?xml version="1.0" encoding="UTF-8"?>
<!-- Generated by org.testng.reporters.JUnitReportReporter -->
<testsuite hostname="DESKTOP-S4VQME9" failures="0" tests="1" name="basic.P001_First" time="0.014" errors="0" timestamp="2024-10-01T10:01:04 IST" skipped="0">
  <testcase classname="basic.P001_First" name="test2" time="0.014"/>
</testsuite> <!-- basic.P001_First -->
