<?xml version="1.0" encoding="UTF-8"?>
<!-- Generated by org.testng.reporters.JUnitReportReporter -->
<testsuite hostname="DESKTOP-S4VQME9" failures="0" tests="3" name="crossBrowser.BrowserTest" time="10.295" errors="0" timestamp="2024-10-03T10:05:25 IST" skipped="0">
  <testcase classname="crossBrowser.BrowserTest" name="loginTest" time="3.126"/>
  <testcase classname="crossBrowser.BrowserTest" name="loginTest" time="5.101"/>
  <testcase classname="crossBrowser.BrowserTest" name="loginTest" time="2.068"/>
</testsuite> <!-- crossBrowser.BrowserTest -->
