<?xml version="1.0" encoding="UTF-8"?>
<!-- Generated by org.testng.reporters.JUnitReportReporter -->
<testsuite hostname="DESKTOP-S4VQME9" failures="0" tests="1" name="complex.User" time="1.094" errors="0" timestamp="2024-10-05T10:08:10 IST" skipped="0">
  <testcase classname="complex.User" name="login" time="1.094"/>
</testsuite> <!-- complex.User -->
