<?xml version="1.0" encoding="UTF-8"?>
<!-- Generated by org.testng.reporters.JUnitReportReporter -->
<testsuite hostname="DESKTOP-S4VQME9" failures="0" tests="2" name="ecomm.Payment" time="0.003" errors="0" timestamp="2024-10-03T09:37:24 IST" skipped="0">
  <testcase classname="ecomm.Payment" name="UPI" time="0.002"/>
  <testcase classname="ecomm.Payment" name="creaditCard" time="0.001"/>
</testsuite> <!-- ecomm.Payment -->
