<?xml version="1.0" encoding="UTF-8"?>
<!-- Generated by org.testng.reporters.JUnitReportReporter -->
<testsuite hostname="DESKTOP-S4VQME9" failures="0" tests="1" name="ecomm.Payment" time="0.002" errors="0" timestamp="2024-10-01T10:18:35 IST" skipped="0">
  <testcase classname="ecomm.Payment" name="creaditCard" time="0.002"/>
</testsuite> <!-- ecomm.Payment -->
