<?xml version="1.0" encoding="UTF-8"?>
<!-- Generated by org.testng.reporters.JUnitReportReporter -->
<testsuite hostname="DESKTOP-S4VQME9" failures="0" tests="5" name="ecomm.Product" time="0.007" errors="0" timestamp="2024-10-03T09:37:24 IST" skipped="0">
  <testcase classname="ecomm.Product" name="addToWishList" time="0.001"/>
  <testcase classname="ecomm.Product" name="addToCart" time="0.001"/>
  <testcase classname="ecomm.Product" name="searchProduct" time="0.002"/>
  <testcase classname="ecomm.Product" name="searchProduct" time="0.001"/>
  <testcase classname="ecomm.Product" name="addToCart" time="0.002"/>
</testsuite> <!-- ecomm.Product -->
