<?xml version="1.0" encoding="UTF-8"?>
<!-- Generated by org.testng.reporters.JUnitReportReporter -->
<testsuite hostname="DESKTOP-S4VQME9" failures="0" tests="1" name="parameters.ParametersTest" time="2.577" errors="0" timestamp="2024-10-03T09:54:19 IST" skipped="0">
  <testcase classname="parameters.ParametersTest" name="loginTest" time="2.577"/>
</testsuite> <!-- parameters.ParametersTest -->
