<?xml version="1.0" encoding="UTF-8"?>
<!-- Generated by org.testng.reporters.JUnitReportReporter -->
<testsuite hostname="DESKTOP-S4VQME9" failures="0" tests="5" name="ecomm.Seller" time="0.008" errors="0" timestamp="2024-10-01T10:14:19 IST" skipped="0">
  <testcase classname="ecomm.Seller" name="changePassword" time="0.001"/>
  <testcase classname="ecomm.Seller" name="login" time="0.002"/>
  <testcase classname="ecomm.Seller" name="profile" time="0.002"/>
  <testcase classname="ecomm.Seller" name="createAccount" time="0.002"/>
  <testcase classname="ecomm.Seller" name="logout" time="0.001"/>
</testsuite> <!-- ecomm.Seller -->
