<?xml version="1.0" encoding="UTF-8"?>
<!-- Generated by org.testng.reporters.JUnitReportReporter -->
<testsuite hostname="DESKTOP-S4VQME9" failures="0" tests="5" name="basic.P002_Priority" time="0.018" errors="0" timestamp="2024-10-01T10:05:57 IST" skipped="0">
  <testcase classname="basic.P002_Priority" name="createAccount" time="0.012"/>
  <testcase classname="basic.P002_Priority" name="login" time="0.001"/>
  <testcase classname="basic.P002_Priority" name="changePassword" time="0.001"/>
  <testcase classname="basic.P002_Priority" name="profile" time="0.002"/>
  <testcase classname="basic.P002_Priority" name="logout" time="0.002"/>
</testsuite> <!-- basic.P002_Priority -->
