<?xml version="1.0" encoding="UTF-8"?>
<!-- Generated by org.testng.reporters.JUnitReportReporter -->
<testsuite hostname="DESKTOP-S4VQME9" failures="0" tests="2" name="ecomm.User" time="0.013" errors="0" timestamp="2024-10-03T09:37:24 IST" skipped="0">
  <testcase classname="ecomm.User" name="login" time="0.012"/>
  <testcase classname="ecomm.User" name="login" time="0.001"/>
</testsuite> <!-- ecomm.User -->
